duplicate key value violates unique constraint "craw_book_raw_avatar_url_key"
DETAIL:  Key (avatar_url)=(https://wikidich.com/photo/6029d51554b8085c48783081?o=1) already exists.
duplicate key value violates unique constraint "craw_book_raw_avatar_url_key"
DETAIL:  Key (avatar_url)=(https://wikidich.com/photo/602996d954b80811149e5066?o=1) already exists.
duplicate key value violates unique constraint "craw_book_raw_avatar_url_key"
DETAIL:  Key (avatar_url)=(https://wikidich.com/photo/6028e33854b8081f1ce6ebae?o=1) already exists.
duplicate key value violates unique constraint "craw_book_raw_avatar_url_key"
DETAIL:  Key (avatar_url)=(https://wikidich.com/photo/6020846654b80845aae1b599?o=1) already exists.
duplicate key value violates unique constraint "craw_book_raw_avatar_url_key"
DETAIL:  Key (avatar_url)=(https://wikidich.com/photo/601f5efa54b8086a33e27aed?o=1) already exists.
duplicate key value violates unique constraint "craw_book_raw_avatar_url_key"
DETAIL:  Key (avatar_url)=(https://wikidich.com/photo/6020b05954b80866904633ee?o=1) already exists.
duplicate key value violates unique constraint "craw_book_raw_avatar_url_key"
DETAIL:  Key (avatar_url)=(https://wikidich.com/photo/6020e63854b808278a8e4f92?o=1) already exists.
duplicate key value violates unique constraint "craw_book_raw_avatar_url_key"
DETAIL:  Key (avatar_url)=(https://wikidich.com/photo/6021dca454b8083882d10128?o=1) already exists.
duplicate key value violates unique constraint "craw_book_raw_avatar_url_key"
DETAIL:  Key (avatar_url)=(https://wikidich.com/photo/6022207d54b8083882d105a9?o=1) already exists.
duplicate key value violates unique constraint "craw_book_raw_avatar_url_key"
DETAIL:  Key (avatar_url)=(https://wikidich.com/photo/6022b75854b80878692f771a?o=1) already exists.
duplicate key value violates unique constraint "craw_book_raw_avatar_url_key"
DETAIL:  Key (avatar_url)=(https://wikidich.com/photo/6022e5cd54b80878692f7ae8?o=1) already exists.
duplicate key value violates unique constraint "craw_book_raw_avatar_url_key"
DETAIL:  Key (avatar_url)=(https://wikidich.com/photo/60228e3054b80841c0c0d072?o=1) already exists.
duplicate key value violates unique constraint "craw_book_raw_avatar_url_key"
DETAIL:  Key (avatar_url)=(https://wikidich.com/photo/60228f2254b80841c0c0d07e?o=1) already exists.
duplicate key value violates unique constraint "craw_book_raw_avatar_url_key"
DETAIL:  Key (avatar_url)=(https://wikidich.com/photo/6024024b54b8084a1f8ce59f?o=1) already exists.
duplicate key value violates unique constraint "craw_book_raw_avatar_url_key"
DETAIL:  Key (avatar_url)=(https://wikidich.com/photo/6025ed3554b808715473d79b?o=1) already exists.
duplicate key value violates unique constraint "craw_book_raw_avatar_url_key"
DETAIL:  Key (avatar_url)=(https://wikidich.com/photo/6026161c54b808715473db48?o=1) already exists.
duplicate key value violates unique constraint "craw_book_raw_avatar_url_key"
DETAIL:  Key (avatar_url)=(https://wikidich.com/photo/60269dac54b80808264f5cb8?o=1) already exists.
duplicate key value violates unique constraint "craw_book_raw_avatar_url_key"
DETAIL:  Key (avatar_url)=(https://wikidich.com/photo/6027c7d154b80865b6a2d148?o=1) already exists.
duplicate key value violates unique constraint "craw_book_raw_avatar_url_key"
DETAIL:  Key (avatar_url)=(https://wikidich.com/photo/6027c90654b80865b6a2d14e?o=1) already exists.
duplicate key value violates unique constraint "craw_book_raw_avatar_url_key"
DETAIL:  Key (avatar_url)=(https://wikidich.com/photo/6027fb5f54b808165e0eefe7?o=1) already exists.
duplicate key value violates unique constraint "craw_book_raw_avatar_url_key"
DETAIL:  Key (avatar_url)=(https://wikidich.com/photo/6017635254b808420ddf0629?o=1) already exists.
duplicate key value violates unique constraint "craw_book_raw_avatar_url_key"
DETAIL:  Key (avatar_url)=(https://wikidich.com/photo/6011937154b808314c3b0528?o=1) already exists.
duplicate key value violates unique constraint "craw_book_raw_avatar_url_key"
DETAIL:  Key (avatar_url)=(https://wikidich.com/photo/60128e5b54b8085a81ff9511?o=1) already exists.
duplicate key value violates unique constraint "craw_book_raw_avatar_url_key"
DETAIL:  Key (avatar_url)=(https://wikidich.com/photo/6017cb4c54b80813956874e6?o=1) already exists.
duplicate key value violates unique constraint "craw_book_raw_avatar_url_key"
DETAIL:  Key (avatar_url)=(https://wikidich.com/photo/601e046054b8080ac0938672?o=1) already exists.
duplicate key value violates unique constraint "craw_book_raw_avatar_url_key"
DETAIL:  Key (avatar_url)=(https://wikidich.com/photo/601e6bad54b80844f7a1b5fe?o=1) already exists.
duplicate key value violates unique constraint "craw_book_raw_avatar_url_key"
DETAIL:  Key (avatar_url)=(https://wikidich.com/photo/601e6cd454b808643def109d?o=1) already exists.
duplicate key value violates unique constraint "craw_book_raw_avatar_url_key"
DETAIL:  Key (avatar_url)=(https://wikidich.com/photo/600fe28b54b80875efd458ea?o=1) already exists.
duplicate key value violates unique constraint "craw_book_raw_avatar_url_key"
DETAIL:  Key (avatar_url)=(https://wikidich.com/photo/600f9ceb54b80837e45226f7?o=1) already exists.
duplicate key value violates unique constraint "craw_book_raw_avatar_url_key"
DETAIL:  Key (avatar_url)=(https://wikidich.com/photo/600d4d1854b808237f8e7957?o=1) already exists.
duplicate key value violates unique constraint "craw_book_raw_avatar_url_key"
DETAIL:  Key (avatar_url)=(https://wikidich.com/photo/600a661a54b8081d60ea729a?o=1) already exists.
duplicate key value violates unique constraint "craw_book_raw_avatar_url_key"
DETAIL:  Key (avatar_url)=(https://wikidich.com/photo/6007913754b80801bbac7008?o=1) already exists.
syntax error at or near "ω"
LINE 9: ... hoán','Đấu La đại lục'], 'Ma mới tiểu tác gia?( 'ω' )?, Lần...
                                                             ^
duplicate key value violates unique constraint "craw_book_raw_avatar_url_key"
DETAIL:  Key (avatar_url)=(https://wikidich.com/photo/600609fc54b808157e6a7809?o=1) already exists.
duplicate key value violates unique constraint "craw_book_raw_avatar_url_key"
DETAIL:  Key (avatar_url)=(https://wikidich.com/photo/600633ed54b808157e6a78b2?o=1) already exists.
duplicate key value violates unique constraint "craw_book_raw_avatar_url_key"
DETAIL:  Key (avatar_url)=(https://wikidich.com/photo/60068b4e54b8086f819c6d73?o=1) already exists.
duplicate key value violates unique constraint "craw_book_raw_avatar_url_key"
DETAIL:  Key (avatar_url)=(https://wikidich.com/photo/60068d8854b8086f819c6d8b?o=1) already exists.
duplicate key value violates unique constraint "craw_book_raw_avatar_url_key"
DETAIL:  Key (avatar_url)=(https://wikidich.com/photo/6006a4fd54b8086f819c6e0f?o=1) already exists.
duplicate key value violates unique constraint "craw_book_raw_avatar_url_key"
DETAIL:  Key (avatar_url)=(https://wikidich.com/photo/6006a5f754b8086f819c6e15?o=1) already exists.
duplicate key value violates unique constraint "craw_book_raw_avatar_url_key"
DETAIL:  Key (avatar_url)=(https://wikidich.com/photo/6007079e54b80836c98cdb17?o=1) already exists.
duplicate key value violates unique constraint "craw_book_raw_avatar_url_key"
DETAIL:  Key (avatar_url)=(https://wikidich.com/photo/6007ce8354b8084dc849a368?o=1) already exists.
duplicate key value violates unique constraint "craw_book_raw_avatar_url_key"
DETAIL:  Key (avatar_url)=(https://wikidich.com/photo/6007fb1d54b8084dc849a59e?o=1) already exists.
duplicate key value violates unique constraint "craw_book_raw_avatar_url_key"
DETAIL:  Key (avatar_url)=(https://wikidich.com/photo/60084c6a54b80811fd0ba6dc?o=1) already exists.
duplicate key value violates unique constraint "craw_book_raw_avatar_url_key"
DETAIL:  Key (avatar_url)=(https://wikidich.com/photo/60083dad54b80811fd0ba61d?o=1) already exists.
duplicate key value violates unique constraint "craw_book_raw_avatar_url_key"
DETAIL:  Key (avatar_url)=(https://wikidich.com/photo/600a326e54b8084abaa05bc2?o=1) already exists.
duplicate key value violates unique constraint "craw_book_raw_avatar_url_key"
DETAIL:  Key (avatar_url)=(https://wikidich.com/photo/6009578e54b8083e68f2b089?o=1) already exists.
duplicate key value violates unique constraint "craw_book_raw_avatar_url_key"
DETAIL:  Key (avatar_url)=(https://wikidich.com/photo/60098b7454b8081088ac0b5f?o=1) already exists.
duplicate key value violates unique constraint "craw_book_raw_avatar_url_key"
DETAIL:  Key (avatar_url)=(https://wikidich.com/photo/600976fc54b8081088ac0ac3?o=1) already exists.
duplicate key value violates unique constraint "craw_book_raw_avatar_url_key"
DETAIL:  Key (avatar_url)=(https://wikidich.com/photo/601111ea54b80866dccf72fb?o=1) already exists.
duplicate key value violates unique constraint "craw_book_raw_avatar_url_key"
DETAIL:  Key (avatar_url)=(https://wikidich.com/photo/6009d2d654b8084abaa05ac1?o=1) already exists.
duplicate key value violates unique constraint "craw_book_raw_avatar_url_key"
DETAIL:  Key (avatar_url)=(https://wikidich.com/photo/6009e0ce54b8084abaa05ad2?o=1) already exists.
duplicate key value violates unique constraint "craw_book_raw_avatar_url_key"
DETAIL:  Key (avatar_url)=(https://wikidich.com/photo/600a40e754b8084abaa05be1?o=1) already exists.
duplicate key value violates unique constraint "craw_book_raw_avatar_url_key"
DETAIL:  Key (avatar_url)=(https://wikidich.com/photo/600a0fdf54b8084abaa05b29?o=1) already exists.
duplicate key value violates unique constraint "craw_book_raw_avatar_url_key"
DETAIL:  Key (avatar_url)=(https://wikidich.com/photo/600a414754b8084abaa05be5?o=1) already exists.
duplicate key value violates unique constraint "craw_book_raw_avatar_url_key"
DETAIL:  Key (avatar_url)=(https://wikidich.com/photo/600a41e454b8084abaa05beb?o=1) already exists.
duplicate key value violates unique constraint "craw_book_raw_avatar_url_key"
DETAIL:  Key (avatar_url)=(https://wikidich.com/photo/600a4d9754b8084abaa05c76?o=1) already exists.
duplicate key value violates unique constraint "craw_book_raw_avatar_url_key"
DETAIL:  Key (avatar_url)=(https://wikidich.com/photo/600bdca154b808042ff70a64?o=1) already exists.
duplicate key value violates unique constraint "craw_book_raw_avatar_url_key"
DETAIL:  Key (avatar_url)=(https://wikidich.com/photo/600c2ca454b80842ac51b6b8?o=1) already exists.
duplicate key value violates unique constraint "craw_book_raw_avatar_url_key"
DETAIL:  Key (avatar_url)=(https://wikidich.com/photo/600c534c54b8087c9c101ffc?o=1) already exists.
duplicate key value violates unique constraint "craw_book_raw_avatar_url_key"
DETAIL:  Key (avatar_url)=(https://wikidich.com/photo/600ce4d854b80849dad6603a?o=1) already exists.
duplicate key value violates unique constraint "craw_book_raw_avatar_url_key"
DETAIL:  Key (avatar_url)=(https://wikidich.com/photo/600d3ea854b808237f8e7834?o=1) already exists.
duplicate key value violates unique constraint "craw_book_raw_avatar_url_key"
DETAIL:  Key (avatar_url)=(https://wikidich.com/photo/600e2fcc54b80835b606a0ef?o=1) already exists.
duplicate key value violates unique constraint "craw_book_raw_avatar_url_key"
DETAIL:  Key (avatar_url)=(https://wikidich.com/photo/600e3cd554b80835b606a14c?o=1) already exists.
duplicate key value violates unique constraint "craw_book_raw_avatar_url_key"
DETAIL:  Key (avatar_url)=(https://wikidich.com/photo/600f9cbf54b80837e45226f5?o=1) already exists.
duplicate key value violates unique constraint "craw_book_raw_avatar_url_key"
DETAIL:  Key (avatar_url)=(https://wikidich.com/photo/6010316954b8085787f4c579?o=1) already exists.
duplicate key value violates unique constraint "craw_book_raw_avatar_url_key"
DETAIL:  Key (avatar_url)=(https://wikidich.com/photo/600fae9e54b80875efd456bd?o=1) already exists.
